-------------------------------------------------------------------------------
Test set: order.OrderWithoutAuthorizationTest
-------------------------------------------------------------------------------
Tests run: 5, Failures: 3, Errors: 0, Skipped: 0, Time elapsed: 66.043 s <<< FAILURE! - in order.OrderWithoutAuthorizationTest
makeOrderWithInvalidIngredientsNotAuthorizedReturns500(order.OrderWithoutAuthorizationTest)  Time elapsed: 65.261 s  <<< FAILURE!
java.lang.AssertionError: 
1 expectation failed.
Expected status code <500> but was <520>.

	at order.OrderWithoutAuthorizationTest.makeOrderWithInvalidIngredientsNotAuthorizedReturns500(OrderWithoutAuthorizationTest.java:89)

makeOrderWithOneValidIngredientNotAuthorizedTest(order.OrderWithoutAuthorizationTest)  Time elapsed: 0.208 s  <<< FAILURE!
java.lang.AssertionError: 
1 expectation failed.
Expected status code <200> but was <521>.

	at order.OrderWithoutAuthorizationTest.makeOrderWithOneValidIngredientNotAuthorizedTest(OrderWithoutAuthorizationTest.java:38)

makeOrderWithOneInvalidIngredientNotAuthorizedReturns500(order.OrderWithoutAuthorizationTest)  Time elapsed: 0.091 s  <<< FAILURE!
java.lang.AssertionError: 
1 expectation failed.
Expected status code <500> but was <429>.

	at order.OrderWithoutAuthorizationTest.makeOrderWithOneInvalidIngredientNotAuthorizedReturns500(OrderWithoutAuthorizationTest.java:52)

