<?xml version="1.0" encoding="UTF-8"?>
<testsuite xmlns:xsi="http://www.w3.org/2001/XMLSchema-instance" xsi:noNamespaceSchemaLocation="https://maven.apache.org/surefire/maven-surefire-plugin/xsd/surefire-test-report.xsd" name="order.OrderWithoutAuthorizationTest" time="66.043" tests="5" errors="0" skipped="0" failures="3">
  <properties>
[...]
</properties>
  <testcase name="makeOrderWithInvalidIngredientsNotAuthorizedReturns500" classname="order.OrderWithoutAuthorizationTest" time="65.261">
    <failure message="1 expectation failed.&#10;Expected status code &lt;500&gt; but was &lt;520&gt;.&#10;" type="java.lang.AssertionError"><![CDATA[java.lang.AssertionError: 
1 expectation failed.
Expected status code <500> but was <520>.

	at order.OrderWithoutAuthorizationTest.makeOrderWithInvalidIngredientsNotAuthorizedReturns500(OrderWithoutAuthorizationTest.java:89)
]]></failure>
  </testcase>
  <testcase name="makeOrderWithValidIngredientsNotAuthorizedReturns200" classname="order.OrderWithoutAuthorizationTest" time="0.381"/>
  <testcase name="makeOrderWithOneValidIngredientNotAuthorizedTest" classname="order.OrderWithoutAuthorizationTest" time="0.208">
    <failure message="1 expectation failed.&#10;Expected status code &lt;200&gt; but was &lt;521&gt;.&#10;" type="java.lang.AssertionError"><![CDATA[java.lang.AssertionError: 
1 expectation failed.
Expected status code <200> but was <521>.

	at order.OrderWithoutAuthorizationTest.makeOrderWithOneValidIngredientNotAuthorizedTest(OrderWithoutAuthorizationTest.java:38)
]]></failure>
  </testcase>
  <testcase name="makeOrderWithOneInvalidIngredientNotAuthorizedReturns500" classname="order.OrderWithoutAuthorizationTest" time="0.091">
    <failure message="1 expectation failed.&#10;Expected status code &lt;500&gt; but was &lt;429&gt;.&#10;" type="java.lang.AssertionError"><![CDATA[java.lang.AssertionError: 
1 expectation failed.
Expected status code <500> but was <429>.

	at order.OrderWithoutAuthorizationTest.makeOrderWithOneInvalidIngredientNotAuthorizedReturns500(OrderWithoutAuthorizationTest.java:52)
]]></failure>
  </testcase>
  <testcase name="makeOrderWithoutIngredientNotAuthorizedTest" classname="order.OrderWithoutAuthorizationTest" time="0.097"/>
</testsuite>